[24May2025 00:02:16.615] [Server thread/WARN] [de.teamlapen.vampirism.player.vampire.VampirePlayer/]: Entity sent by client is not in reach 1408
[24May2025 00:04:01.561] [Server thread/INFO] [net.minecraft.server.dedicated.DedicatedServer/]: capibaramcj has made the advancement [Enchanter]
[24May2025 00:04:37.213] [Server thread/INFO] [net.minecraft.server.dedicated.DedicatedServer/]: leonardo412351 has made the advancement [Ice Bucket Challenge]
[24May2025 00:04:46.616] [Server thread/WARN] [net.minecraft.network.play.ServerPlayNetHandler/]: Valorxnt moved too quickly! 8.584735145918017,-3.0,4.509162051269811
[24May2025 00:05:02.601] [Server thread/INFO] [com.infamous.dungeons_mobs.DungeonsMobs/]: Converted SkeletonEntity['Skeleton'/6827, l='ServerLevel[world]', x=363.70, y=18.00, z=-852.30] to SunkenSkeletonEntity['Sunken Skeleton'/7178, l='ServerLevel[world]', x=363.70, y=18.00, z=-852.30]
[24May2025 00:05:06.427] [Server thread/INFO] [net.minecraft.network.play.ServerPlayNetHandler/]: Valorxnt lost connection: Timed out
[24May2025 00:05:06.427] [Server thread/INFO] [net.minecraft.server.dedicated.DedicatedServer/]: Valorxnt left the game
[24May2025 00:05:06.480] [Server thread/WARN] [net.minecraft.network.NetworkManager/]: handleDisconnection() called twice
[24May2025 00:06:27.406] [Server thread/WARN] [net.minecraft.network.play.ServerPlayNetHandler/]: capibaramcj was kicked for floating too long!
[24May2025 00:06:27.451] [Server thread/INFO] [net.minecraft.network.play.ServerPlayNetHandler/]: capibaramcj lost connection: Flying is not enabled on this server
[24May2025 00:06:27.452] [Server thread/INFO] [net.minecraft.server.dedicated.DedicatedServer/]: capibaramcj left the game
[24May2025 00:06:38.300] [Server thread/INFO] [net.minecraftforge.common.AdvancementLoadFix/]: Using new advancement loading for net.minecraft.advancements.PlayerAdvancements@736dcbf1
[24May2025 00:06:38.312] [Server thread/INFO] [net.minecraft.server.management.PlayerList/]: Valorxnt[/127.4.60.138:42073] logged in with entity id 7652 at (-172.0686770376844, 69.00133597911214, -384.50576745179865)
[24May2025 00:06:38.317] [Server thread/INFO] [net.minecraft.server.dedicated.DedicatedServer/]: Valorxnt joined the game
[24May2025 00:06:38.335] [Server thread/INFO] [Waila/]: Syncing config to Valorxnt (8255cd72-d067-317e-a9ad-921d57ca8d93)
[24May2025 00:06:45.260] [Server thread/INFO] [net.minecraftforge.common.AdvancementLoadFix/]: Using new advancement loading for net.minecraft.advancements.PlayerAdvancements@51355a59
[24May2025 00:06:45.274] [Server thread/INFO] [net.minecraft.server.management.PlayerList/]: capibaramcj[/127.167.203.14:56615] logged in with entity id 7806 at (374.65348672518945, 65.00133597911214, -780.532994331275)
[24May2025 00:06:45.284] [Server thread/INFO] [net.minecraft.server.dedicated.DedicatedServer/]: capibaramcj joined the game
[24May2025 00:06:45.312] [Server thread/INFO] [Waila/]: Syncing config to capibaramcj (fea555bc-74db-39f6-bdea-4cb08e62df44)
[24May2025 00:06:45.316] [Server thread/INFO] [net.minecraft.server.dedicated.DedicatedServer/]: capibaramcj has reached the goal [Heliomancer]
[24May2025 00:06:45.398] [Netty Epoll Server IO #3/ERROR] [net.minecraft.command.arguments.ArgumentTypes/]: Could not serialize com.infamous.dungeons_libraries.commands.arguments.MobEnchantmentArgument@87f2d51 (class com.infamous.dungeons_libraries.commands.arguments.MobEnchantmentArgument) - will not be sent to client!
[24May2025 00:06:45.399] [Netty Epoll Server IO #3/ERROR] [net.minecraft.command.arguments.ArgumentTypes/]: Could not serialize com.infamous.dungeons_libraries.commands.arguments.MobEnchantmentArgument@5f0c1e7c (class com.infamous.dungeons_libraries.commands.arguments.MobEnchantmentArgument) - will not be sent to client!
[24May2025 00:07:05.261] [Server thread/INFO] [net.minecraft.server.dedicated.DedicatedServer/]: Valorxnt has made the advancement [Barrel Booty]
[24May2025 00:09:27.768] [Server thread/WARN] [tombstone/]: The death event of the player Valorxnt was canceled by another mod
[24May2025 00:09:27.770] [Server thread/INFO] [tombstone/]: The player Valorxnt has successfully been saved
[24May2025 00:12:00.602] [Server thread/INFO] [net.minecraft.server.dedicated.DedicatedServer/]: Valorxnt was shot by Mutant Skeleton
[24May2025 00:12:00.632] [Server thread/INFO] [tombstone/]: The player Valorxnt has successfully been saved
[24May2025 00:12:02.413] [Server thread/WARN] [de.teamlapen.vampirism.player.vampire.VampirePlayer/]: Entity sent by client is not in reach 7929
[24May2025 00:23:29.460] [Server thread/WARN] [tombstone/]: The death event of the player capibaramcj was canceled by another mod
[24May2025 00:23:29.462] [Server thread/INFO] [tombstone/]: The player capibaramcj has successfully been saved
[24May2025 00:23:43.159] [Server thread/INFO] [net.minecraft.server.dedicated.DedicatedServer/]: capibaramcj has reached the goal [Strong or Careful]
[24May2025 00:23:43.159] [Server thread/INFO] [net.minecraft.server.dedicated.DedicatedServer/]: capibaramcj was slain by Vampire Hunter
[24May2025 00:23:43.175] [Server thread/INFO] [tombstone/]: The player capibaramcj has successfully been saved
[24May2025 00:23:46.769] [Netty Epoll Server IO #3/ERROR] [net.minecraft.command.arguments.ArgumentTypes/]: Could not serialize com.infamous.dungeons_libraries.commands.arguments.MobEnchantmentArgument@87f2d51 (class com.infamous.dungeons_libraries.commands.arguments.MobEnchantmentArgument) - will not be sent to client!
[24May2025 00:23:46.769] [Netty Epoll Server IO #3/ERROR] [net.minecraft.command.arguments.ArgumentTypes/]: Could not serialize com.infamous.dungeons_libraries.commands.arguments.MobEnchantmentArgument@5f0c1e7c (class com.infamous.dungeons_libraries.commands.arguments.MobEnchantmentArgument) - will not be sent to client!
[24May2025 00:26:01.559] [Server thread/INFO] [net.minecraft.server.dedicated.DedicatedServer/]: Valorxnt has made the advancement [Take Aim]
[24May2025 00:26:18.944] [Server thread/WARN] [tombstone/]: The death event of the player Valorxnt was canceled by another mod
[24May2025 00:26:18.955] [Server thread/INFO] [tombstone/]: The player Valorxnt has successfully been saved
[24May2025 00:27:30.646] [Server thread/WARN] [tombstone/]: The death event of the player capibaramcj was canceled by another mod
[24May2025 00:27:30.660] [Server thread/INFO] [tombstone/]: The player capibaramcj has successfully been saved
[24May2025 00:27:32.056] [Server thread/INFO] [net.minecraft.server.dedicated.DedicatedServer/]: capibaramcj died because of Mutant Enderman
[24May2025 00:27:32.058] [Server thread/INFO] [tombstone/]: The player capibaramcj has successfully been saved
[24May2025 00:27:33.515] [Netty Epoll Server IO #3/ERROR] [net.minecraft.command.arguments.ArgumentTypes/]: Could not serialize com.infamous.dungeons_libraries.commands.arguments.MobEnchantmentArgument@87f2d51 (class com.infamous.dungeons_libraries.commands.arguments.MobEnchantmentArgument) - will not be sent to client!
[24May2025 00:27:33.515] [Netty Epoll Server IO #3/ERROR] [net.minecraft.command.arguments.ArgumentTypes/]: Could not serialize com.infamous.dungeons_libraries.commands.arguments.MobEnchantmentArgument@5f0c1e7c (class com.infamous.dungeons_libraries.commands.arguments.MobEnchantmentArgument) - will not be sent to client!
[24May2025 00:28:26.745] [Server thread/WARN] [tombstone/]: The death event of the player capibaramcj was canceled by another mod
[24May2025 00:28:26.762] [Server thread/INFO] [tombstone/]: The player capibaramcj has successfully been saved
[24May2025 00:28:27.907] [Server thread/INFO] [net.minecraft.server.dedicated.DedicatedServer/]: capibaramcj has reached the goal [Chain Death]
[24May2025 00:28:27.907] [Server thread/INFO] [net.minecraft.server.dedicated.DedicatedServer/]: capibaramcj died because of Mutant Enderman
[24May2025 00:28:27.909] [Server thread/INFO] [tombstone/]: The player capibaramcj has successfully been saved
[24May2025 00:28:29.083] [Netty Epoll Server IO #3/ERROR] [net.minecraft.command.arguments.ArgumentTypes/]: Could not serialize com.infamous.dungeons_libraries.commands.arguments.MobEnchantmentArgument@87f2d51 (class com.infamous.dungeons_libraries.commands.arguments.MobEnchantmentArgument) - will not be sent to client!
[24May2025 00:28:29.084] [Netty Epoll Server IO #3/ERROR] [net.minecraft.command.arguments.ArgumentTypes/]: Could not serialize com.infamous.dungeons_libraries.commands.arguments.MobEnchantmentArgument@5f0c1e7c (class com.infamous.dungeons_libraries.commands.arguments.MobEnchantmentArgument) - will not be sent to client!
[24May2025 00:29:01.397] [Server thread/WARN] [tombstone/]: The death event of the player capibaramcj was canceled by another mod
[24May2025 00:29:01.414] [Server thread/INFO] [tombstone/]: The player capibaramcj has successfully been saved
[24May2025 00:29:02.558] [Server thread/INFO] [net.minecraft.server.dedicated.DedicatedServer/]: capibaramcj died because of Mutant Enderman
[24May2025 00:29:02.561] [Server thread/INFO] [tombstone/]: The player capibaramcj has successfully been saved
[24May2025 00:29:03.781] [Netty Epoll Server IO #3/ERROR] [net.minecraft.command.arguments.ArgumentTypes/]: Could not serialize com.infamous.dungeons_libraries.commands.arguments.MobEnchantmentArgument@87f2d51 (class com.infamous.dungeons_libraries.commands.arguments.MobEnchantmentArgument) - will not be sent to client!
[24May2025 00:29:03.781] [Netty Epoll Server IO #3/ERROR] [net.minecraft.command.arguments.ArgumentTypes/]: Could not serialize com.infamous.dungeons_libraries.commands.arguments.MobEnchantmentArgument@5f0c1e7c (class com.infamous.dungeons_libraries.commands.arguments.MobEnchantmentArgument) - will not be sent to client!
[24May2025 00:31:11.109] [Server thread/WARN] [tombstone/]: The death event of the player leonardo412351 was canceled by another mod
[24May2025 00:31:11.111] [Server thread/INFO] [tombstone/]: The player leonardo412351 has successfully been saved
[24May2025 00:31:24.858] [Server thread/WARN] [tombstone/]: The death event of the player capibaramcj was canceled by another mod
[24May2025 00:31:24.861] [Server thread/INFO] [tombstone/]: The player capibaramcj has successfully been saved
[24May2025 00:31:26.111] [Server thread/INFO] [net.minecraft.server.dedicated.DedicatedServer/]: capibaramcj died because of Mutant Enderman
[24May2025 00:31:26.114] [Server thread/INFO] [tombstone/]: The player capibaramcj has successfully been saved
[24May2025 00:31:26.711] [Server thread/WARN] [net.minecraft.network.play.ServerPlayNetHandler/]: capibaramcj moved wrongly!
[24May2025 00:31:27.465] [Netty Epoll Server IO #3/ERROR] [net.minecraft.command.arguments.ArgumentTypes/]: Could not serialize com.infamous.dungeons_libraries.commands.arguments.MobEnchantmentArgument@87f2d51 (class com.infamous.dungeons_libraries.commands.arguments.MobEnchantmentArgument) - will not be sent to client!
[24May2025 00:31:27.465] [Netty Epoll Server IO #3/ERROR] [net.minecraft.command.arguments.ArgumentTypes/]: Could not serialize com.infamous.dungeons_libraries.commands.arguments.MobEnchantmentArgument@5f0c1e7c (class com.infamous.dungeons_libraries.commands.arguments.MobEnchantmentArgument) - will not be sent to client!
[24May2025 00:32:20.959] [Server thread/INFO] [net.minecraft.server.dedicated.DedicatedServer/]: leonardo412351 has reached the goal [Strong or Careful]
[24May2025 00:32:20.959] [Server thread/INFO] [net.minecraft.server.dedicated.DedicatedServer/]: leonardo412351 was slain by Silverfish
[24May2025 00:32:20.972] [Server thread/INFO] [tombstone/]: The player leonardo412351 has successfully been saved
[24May2025 00:33:30.949] [Server thread/INFO] [net.minecraft.server.dedicated.DedicatedServer/]: Valorxnt was slain by Paul the Hunter
[24May2025 00:33:30.968] [Server thread/INFO] [tombstone/]: The player Valorxnt has successfully been saved
[24May2025 00:36:17.117] [Server thread/WARN] [tombstone/]: The death event of the player Valorxnt was canceled by another mod
[24May2025 00:36:17.118] [Server thread/INFO] [tombstone/]: The player Valorxnt has successfully been saved
[24May2025 00:38:10.906] [Server thread/INFO] [net.minecraft.server.dedicated.DedicatedServer/]: Valorxnt was slain by capibaramcj
[24May2025 00:38:10.910] [Server thread/INFO] [tombstone/]: The player Valorxnt has successfully been saved
[24May2025 00:43:00.360] [Server thread/INFO] [net.minecraft.server.dedicated.DedicatedServer/]: capibaramcj has made the advancement [Tunnel Treasures]
[24May2025 00:43:17.293] [Server thread/INFO] [net.minecraft.server.dedicated.DedicatedServer/]: capibaramcj has made the advancement [Amateur Archaeologist]
[24May2025 00:43:17.294] [Server thread/INFO] [net.minecraft.server.dedicated.DedicatedServer/]: capibaramcj has made the advancement [Vampire Diaries]
[24May2025 00:43:25.308] [Server thread/INFO] [net.minecraft.server.dedicated.DedicatedServer/]: capibaramcj has made the advancement [Barrel Booty]
[24May2025 00:44:01.718] [Server thread/INFO] [net.minecraft.server.dedicated.DedicatedServer/]: Valorxnt has made the advancement [Tunnel Treasures]
[24May2025 00:44:35.810] [Server thread/INFO] [net.minecraft.server.dedicated.DedicatedServer/]: Valorxnt has made the advancement [Crops of the Wild]
[24May2025 00:47:01.431] [Server thread/INFO] [net.minecraft.server.dedicated.DedicatedServer/]: [capibaramcj: Set own game mode to Spectator Mode]
[24May2025 00:47:21.227] [Server thread/INFO] [net.minecraft.server.dedicated.DedicatedServer/]: leonardo412351 has made the advancement [Sweet Dreams]
[24May2025 00:47:33.853] [Server thread/INFO] [net.minecraft.server.dedicated.DedicatedServer/]: [capibaramcj: Set own game mode to Survival Mode]
[24May2025 00:52:24.095] [Server thread/INFO] [net.minecraft.server.dedicated.DedicatedServer/]: Valorxnt has made the advancement [Amateur Archaeologist]
[24May2025 00:53:32.458] [Server thread/INFO] [net.minecraft.server.dedicated.DedicatedServer/]: capibaramcj has made the advancement [A Bone to Pick]
[24May2025 00:54:16.808] [Server thread/INFO] [net.minecraft.network.play.ServerPlayNetHandler/]: Valorxnt lost connection: Disconnected
[24May2025 00:54:16.808] [Server thread/INFO] [net.minecraft.server.dedicated.DedicatedServer/]: Valorxnt left the game
[24May2025 00:57:26.875] [Server thread/INFO] [net.minecraft.server.dedicated.DedicatedServer/]: [capibaramcj: Teleported capibaramcj to 373.5, 64.5, -788.5]
[24May2025 00:58:36.655] [Server thread/INFO] [net.minecraft.server.dedicated.DedicatedServer/]: capibaramcj has made the advancement [Take Aim]
[24May2025 00:59:15.443] [Server thread/INFO] [net.minecraft.server.dedicated.DedicatedServer/]: capibaramcj was slain by Luminous Luna
[24May2025 00:59:15.463] [Server thread/INFO] [tombstone/]: The player capibaramcj has successfully been saved
[24May2025 00:59:29.504] [Netty Epoll Server IO #3/ERROR] [net.minecraft.command.arguments.ArgumentTypes/]: Could not serialize com.infamous.dungeons_libraries.commands.arguments.MobEnchantmentArgument@87f2d51 (class com.infamous.dungeons_libraries.commands.arguments.MobEnchantmentArgument) - will not be sent to client!
[24May2025 00:59:29.504] [Netty Epoll Server IO #3/ERROR] [net.minecraft.command.arguments.ArgumentTypes/]: Could not serialize com.infamous.dungeons_libraries.commands.arguments.MobEnchantmentArgument@5f0c1e7c (class com.infamous.dungeons_libraries.commands.arguments.MobEnchantmentArgument) - will not be sent to client!
[24May2025 00:59:40.430] [Server thread/INFO] [net.minecraft.server.dedicated.DedicatedServer/]: [capibaramcj: Teleported capibaramcj to 373.5, 64.5, -788.5]
[24May2025 01:00:58.128] [Server thread/INFO] [net.minecraft.server.dedicated.DedicatedServer/]: leonardo412351 has made the advancement [We Need to Go Deeper]
[24May2025 01:01:02.300] [Server thread/WARN] [de.teamlapen.vampirism.entity.ModEntityEventHandler/]: Could not modify villager zombie attack target task for TranslatableComponent{key='entity.dungeons_mobs.zombified_fungus_thrower', args=[], siblings=[], style=Style{ color=null, bold=null, italic=null, underlined=null, strikethrough=null, obfuscated=null, clickEvent=null, hoverEvent=null, insertion=null, font=minecraft:default}}
[24May2025 01:01:31.007] [Server thread/WARN] [net.minecraft.server.management.PlayerInteractionManager/]: Mismatch in destroy block pos: BlockPos{x=-26, y=57, z=91} BlockPos{x=-25, y=56, z=91}
[24May2025 01:01:31.025] [Server thread/WARN] [net.minecraft.server.management.PlayerInteractionManager/]: Mismatch in destroy block pos: BlockPos{x=-26, y=57, z=91} BlockPos{x=-25, y=56, z=91}
[24May2025 01:01:39.801] [Server thread/WARN] [net.minecraft.server.management.PlayerInteractionManager/]: Mismatch in destroy block pos: BlockPos{x=-32, y=53, z=91} BlockPos{x=-31, y=53, z=91}
[24May2025 01:01:39.851] [Server thread/WARN] [net.minecraft.server.management.PlayerInteractionManager/]: Mismatch in destroy block pos: BlockPos{x=-32, y=53, z=91} BlockPos{x=-31, y=53, z=91}
[24May2025 01:01:58.204] [Server thread/WARN] [net.minecraft.server.management.PlayerInteractionManager/]: Mismatch in destroy block pos: BlockPos{x=-37, y=37, z=92} BlockPos{x=-37, y=35, z=92}
